Flow report for 10M08
Sun Apr 09 18:58:36 2017
Quartus Prime Version 16.1.0 Build 196 10/24/2016 SJ Lite Edition


---------------------
; Table of Contents ;
---------------------
  1. Legal Notice
  2. Flow Summary
  3. Flow Settings
  4. Flow Non-Default Global Settings
  5. Flow Elapsed Time
  6. Flow OS Summary
  7. Flow Log
  8. Flow Messages
  9. Flow Suppressed Messages



----------------
; Legal Notice ;
----------------
Copyright (C) 2016  Intel Corporation. All rights reserved.
Your use of Intel Corporation's design tools, logic functions 
and other software and tools, and its AMPP partner logic 
functions, and any output files from any of the foregoing 
(including device programming or simulation files), and any 
associated documentation or information are expressly subject 
to the terms and conditions of the Intel Program License 
Subscription Agreement, the Intel Quartus Prime License Agreement,
the Intel MegaCore Function License Agreement, or other 
applicable license agreement, including, without limitation, 
that your use is for the sole purpose of programming logic 
devices manufactured by Intel and sold by Intel or its 
authorized distributors.  Please refer to the applicable 
agreement for further details.



+----------------------------------------------------------------------------------+
; Flow Summary                                                                     ;
+------------------------------------+---------------------------------------------+
; Flow Status                        ; Successful - Sun Apr 09 18:58:36 2017       ;
; Quartus Prime Version              ; 16.1.0 Build 196 10/24/2016 SJ Lite Edition ;
; Revision Name                      ; 10M08                                       ;
; Top-level Entity Name              ; C8_Project                                  ;
; Family                             ; MAX 10                                      ;
; Device                             ; 10M08SAE144C8GES                            ;
; Timing Models                      ; Preliminary                                 ;
; Total logic elements               ; 77 / 8,064 ( < 1 % )                        ;
;     Total combinational functions  ; 77 / 8,064 ( < 1 % )                        ;
;     Dedicated logic registers      ; 33 / 8,064 ( < 1 % )                        ;
; Total registers                    ; 33                                          ;
; Total pins                         ; 17 / 101 ( 17 % )                           ;
; Total virtual pins                 ; 0                                           ;
; Total memory bits                  ; 0 / 387,072 ( 0 % )                         ;
; Embedded Multiplier 9-bit elements ; 0 / 48 ( 0 % )                              ;
; Total PLLs                         ; 0 / 1 ( 0 % )                               ;
; UFM blocks                         ; 0 / 1 ( 0 % )                               ;
; ADC blocks                         ; 0 / 1 ( 0 % )                               ;
+------------------------------------+---------------------------------------------+


+-----------------------------------------+
; Flow Settings                           ;
+-------------------+---------------------+
; Option            ; Setting             ;
+-------------------+---------------------+
; Start date & time ; 04/09/2017 18:41:10 ;
; Main task         ; Compilation         ;
; Revision Name     ; 10M08               ;
+-------------------+---------------------+


+-----------------------------------------------------------------------------------------------------------------------------+
; Flow Non-Default Global Settings                                                                                            ;
+-------------------------------------+----------------------------------------+---------------+-------------+----------------+
; Assignment Name                     ; Value                                  ; Default Value ; Entity Name ; Section Id     ;
+-------------------------------------+----------------------------------------+---------------+-------------+----------------+
; COMPILER_SIGNATURE_ID               ; 48710643792706.149178487007564         ; --            ; --          ; --             ;
; EDA_OUTPUT_DATA_FORMAT              ; Verilog Hdl                            ; --            ; --          ; eda_simulation ;
; EDA_SIMULATION_TOOL                 ; ModelSim-Altera (Verilog)              ; <None>        ; --          ; --             ;
; FLOW_ENABLE_POWER_ANALYZER          ; On                                     ; Off           ; --          ; --             ;
; MAX_CORE_JUNCTION_TEMP              ; 85                                     ; --            ; --          ; --             ;
; MIN_CORE_JUNCTION_TEMP              ; 0                                      ; --            ; --          ; --             ;
; PARTITION_COLOR                     ; -- (Not supported for targeted family) ; --            ; C8_Project  ; Top            ;
; PARTITION_FITTER_PRESERVATION_LEVEL ; -- (Not supported for targeted family) ; --            ; C8_Project  ; Top            ;
; PARTITION_NETLIST_TYPE              ; -- (Not supported for targeted family) ; --            ; C8_Project  ; Top            ;
; POWER_BOARD_THERMAL_MODEL           ; None (CONSERVATIVE)                    ; --            ; --          ; --             ;
; POWER_DEFAULT_INPUT_IO_TOGGLE_RATE  ; 12.5 %                                 ; 12.5%         ; --          ; --             ;
; POWER_PRESET_COOLING_SOLUTION       ; 23 MM HEAT SINK WITH 200 LFPM AIRFLOW  ; --            ; --          ; --             ;
; PROJECT_OUTPUT_DIRECTORY            ; output_files                           ; --            ; --          ; --             ;
; TOP_LEVEL_ENTITY                    ; C8_Project                             ; 10M08         ; --          ; --             ;
+-------------------------------------+----------------------------------------+---------------+-------------+----------------+


+-------------------------------------------------------------------------------------------------------------------------------+
; Flow Elapsed Time                                                                                                             ;
+---------------------------+--------------+-------------------------+---------------------+------------------------------------+
; Module Name               ; Elapsed Time ; Average Processors Used ; Peak Virtual Memory ; Total CPU Time (on all processors) ;
+---------------------------+--------------+-------------------------+---------------------+------------------------------------+
; Analysis & Synthesis      ; 00:15:19     ; 1.0                     ; 2018 MB             ; 00:15:28                           ;
; Fitter                    ; 00:00:06     ; 1.0                     ; 1442 MB             ; 00:00:06                           ;
; Assembler                 ; 00:00:01     ; 1.0                     ; 565 MB              ; 00:00:01                           ;
; PowerPlay Power Analyzer  ; 00:00:04     ; 1.0                     ; 707 MB              ; 00:00:03                           ;
; TimeQuest Timing Analyzer ; 00:00:03     ; 1.0                     ; 670 MB              ; 00:00:02                           ;
; EDA Netlist Writer        ; 00:00:00     ; 1.0                     ; 531 MB              ; 00:00:01                           ;
; PowerPlay Power Analyzer  ; 00:00:01     ; 1.0                     ; 707 MB              ; 00:00:01                           ;
; Total                     ; 00:15:34     ; --                      ; --                  ; 00:15:42                           ;
+---------------------------+--------------+-------------------------+---------------------+------------------------------------+


+-----------------------------------------------------------------------------------------+
; Flow OS Summary                                                                         ;
+---------------------------+------------------+------------+------------+----------------+
; Module Name               ; Machine Hostname ; OS Name    ; OS Version ; Processor type ;
+---------------------------+------------------+------------+------------+----------------+
; Analysis & Synthesis      ; DESKTOP-59LJVFR  ; Windows 10 ; 10.0       ; x86_64         ;
; Fitter                    ; DESKTOP-59LJVFR  ; Windows 10 ; 10.0       ; x86_64         ;
; Assembler                 ; DESKTOP-59LJVFR  ; Windows 10 ; 10.0       ; x86_64         ;
; PowerPlay Power Analyzer  ; DESKTOP-59LJVFR  ; Windows 10 ; 10.0       ; x86_64         ;
; TimeQuest Timing Analyzer ; DESKTOP-59LJVFR  ; Windows 10 ; 10.0       ; x86_64         ;
; EDA Netlist Writer        ; DESKTOP-59LJVFR  ; Windows 10 ; 10.0       ; x86_64         ;
; PowerPlay Power Analyzer  ; DESKTOP-59LJVFR  ; Windows 10 ; 10.0       ; x86_64         ;
+---------------------------+------------------+------------+------------+----------------+


------------
; Flow Log ;
------------
quartus_map --read_settings_files=on --write_settings_files=off 10M08 -c 10M08
quartus_fit --read_settings_files=off --write_settings_files=off 10M08 -c 10M08
quartus_asm --read_settings_files=off --write_settings_files=off 10M08 -c 10M08
quartus_pow --read_settings_files=off --write_settings_files=off 10M08 -c 10M08
quartus_sta 10M08 -c 10M08
quartus_eda --read_settings_files=off --write_settings_files=off 10M08 -c 10M08
quartus_pow --read_settings_files=on --write_settings_files=off 10M08 -c 10M08



